0 info it worked if it ends with ok
1 verbose cli [ 'D:\\Develop\\NODEJS~1.10\\\\node.exe',
1 verbose cli   'D:\\Develop\\NODEJS~1.10\\node_modules\\npm\\bin\\npm-cli.js',
1 verbose cli   'run',
1 verbose cli   'dev' ]
2 info using npm@1.4.16
3 info using node@v0.10.28
4 verbose node symlink D:\Develop\NODEJS~1.10\\node.exe
5 verbose run-script [ 'predev', 'dev', 'postdev' ]
6 info predev jedios@0.1.0
7 info dev jedios@0.1.0
8 verbose unsafe-perm in lifecycle true
9 info jedios@0.1.0 Failed to exec dev script
10 error jedios@0.1.0 dev: `node node_modules/gulp/bin/gulp.js`
10 error Exit status 1
11 error Failed at the jedios@0.1.0 dev script.
11 error This is most likely a problem with the jedios package,
11 error not with npm itself.
11 error Tell the author that this fails on your system:
11 error     node node_modules/gulp/bin/gulp.js
11 error You can get their info via:
11 error     npm owner ls jedios
11 error There is likely additional logging output above.
12 error System Windows_NT 6.2.9200
13 error command "D:\\Develop\\NODEJS~1.10\\\\node.exe" "D:\\Develop\\NODEJS~1.10\\node_modules\\npm\\bin\\npm-cli.js" "run" "dev"
14 error cwd E:\projects\github\jos
15 error node -v v0.10.28
16 error npm -v 1.4.16
17 error code ELIFECYCLE
18 verbose exit [ 1, true ]
